<?xml version="1.0" encoding="UTF-8"?>
<!-- Generated by org.testng.reporters.JUnitReportReporter -->
<testsuite hostname="ABINESS-JR" failures="0" tests="1" name="com.qa.testscripts.TC_MercuryLogin_001" time="20.836" errors="0" timestamp="2022-12-02T09:28:56 IST" skipped="0">
  <testcase classname="com.qa.testscripts.TC_MercuryLogin_001" name="login" time="20.836"/>
  <system-out/>
</testsuite> <!-- com.qa.testscripts.TC_MercuryLogin_001 -->
